<?xml version="1.0" encoding="UTF-8"?>
<!-- Generated by org.testng.reporters.JUnitXMLReporter -->
<testsuite hostname="BhavyaSri" ignored="0" name="test1" tests="1" failures="1" timestamp="18 Aug 2017 07:09:44 GMT" time="11.116" errors="0">
  <testcase name="testApp" time="0.024" classname="com.phptravel.tests.VerifyManageTours">
    <failure type="java.lang.Error" message="Unresolved compilation problem: 
	Type mismatch: cannot convert from void to boolean
">
      <![CDATA[java.lang.Error: Unresolved compilation problem: 
	Type mismatch: cannot convert from void to boolean

	at com.phptravel.tests.VerifyManageTours.testApp(VerifyManageTours.java:40)
... Removed 25 stack frames]]>
    </failure>
  </testcase> <!-- testApp -->
</testsuite> <!-- test1 -->
