<?xml version="1.0" encoding="UTF-8"?>
<testng-results skipped="0" failed="0" ignored="0" total="1" passed="1">
  <reporter-output>
  </reporter-output>
  <suite name="Default suite" duration-ms="16085" started-at="2017-08-18T07:18:59Z" finished-at="2017-08-18T07:19:15Z">
    <groups>
    </groups>
    <test name="Default test" duration-ms="16085" started-at="2017-08-18T07:18:59Z" finished-at="2017-08-18T07:19:15Z">
      <class name="com.phptravel.tests.VerifyManageTours">
        <test-method status="PASS" signature="launchApp()[pri:0, instance:com.phptravel.tests.VerifyManageTours@2b98378d]" name="launchApp" is-config="true" duration-ms="9224" started-at="2017-08-18T12:48:59Z" finished-at="2017-08-18T12:49:08Z">
          <reporter-output>
          </reporter-output>
        </test-method> <!-- launchApp -->
        <test-method status="PASS" signature="testApp()[pri:0, instance:com.phptravel.tests.VerifyManageTours@2b98378d]" name="testApp" duration-ms="6825" started-at="2017-08-18T12:49:08Z" finished-at="2017-08-18T12:49:15Z">
          <reporter-output>
          </reporter-output>
        </test-method> <!-- testApp -->
      </class> <!-- com.phptravel.tests.VerifyManageTours -->
    </test> <!-- Default test -->
  </suite> <!-- Default suite -->
</testng-results>
